<?xml version="1.0" encoding="UTF-8"?>
<!-- Generated by org.testng.reporters.JUnitXMLReporter -->
<testsuite hostname="Admin-PC" name="Default test" tests="2" failures="0" timestamp="10 Aug 2016 04:27:49 GMT" time="51.098" errors="0">
  <testcase name="filterMobileTest" time="49.989" classname="com.qtpselenium.hybrid.product.FilterMobileTest"/>
  <testcase name="filterMobileTest" time="0.003" classname="com.qtpselenium.hybrid.product.FilterMobileTest">
    <skipped/>
  </testcase> <!-- filterMobileTest -->
</testsuite> <!-- Default test -->
