<?xml version="1.0" encoding="UTF-8"?>
<!-- Generated by org.testng.reporters.JUnitXMLReporter -->
<testsuite hostname="Admin-PC" name="Filter Mobile Test" tests="2" failures="0" timestamp="12 Aug 2016 23:57:07 GMT" time="0.115" errors="0">
  <testcase name="filterMobileTest" time="0.0" classname="com.qtpselenium.hybrid.product.FilterMobileTest">
    <skipped/>
  </testcase> <!-- filterMobileTest -->
  <testcase name="filterMobileTest" time="0.001" classname="com.qtpselenium.hybrid.product.FilterMobileTest">
    <skipped/>
  </testcase> <!-- filterMobileTest -->
</testsuite> <!-- Filter Mobile Test -->
