<?xml version="1.0" encoding="UTF-8"?>
<!-- Generated by org.testng.reporters.JUnitXMLReporter -->
<testsuite hostname="Admin-PC" name="Login Test" tests="3" failures="0" timestamp="12 Aug 2016 23:57:07 GMT" time="22.743" errors="0">
  <testcase name="doLoginTest" time="21.881" classname="com.qtpselenium.hybrid.sessionsuite.LoginTest"/>
  <testcase name="doLoginTest" time="0.0" classname="com.qtpselenium.hybrid.sessionsuite.LoginTest">
    <skipped/>
  </testcase> <!-- doLoginTest -->
  <testcase name="doLoginTest" time="0.001" classname="com.qtpselenium.hybrid.sessionsuite.LoginTest">
    <skipped/>
  </testcase> <!-- doLoginTest -->
</testsuite> <!-- Login Test -->
